Building DAG of jobs...
Using shell: /usr/bin/bash
Provided cores: 1 (use --cores to define parallelism)
Rules claiming more threads will be scaled down.
Job counts:
	count	jobs
	1	filter
	1	plot
	2

[Tue Nov 19 11:44:36 2019]
rule filter:
    input: ds2.csv
    output: ds2_filtered.csv
    jobid: 1
    wildcards: csvdata=ds2

egrep -v ^boring ds2.csv > ds2_filtered.csv
[Tue Nov 19 11:44:36 2019]
Finished job 1.
1 of 2 steps (50%) done

[Tue Nov 19 11:44:36 2019]
rule plot:
    input: ds2_filtered.csv
    output: ds2_filtered_plot.pdf
    jobid: 0
    wildcards: dataset=ds2_filtered

./myplotter.py -o ds2_filtered_plot.pdf ds2_filtered.csv
[Tue Nov 19 11:44:38 2019]
Finished job 0.
2 of 2 steps (100%) done
Complete log: /localdisk/home/s2005863/LectureExercises/class19/.snakemake/log/2019-11-19T114436.707765.snakemake.log
