Building DAG of jobs...
Using shell: /usr/bin/bash
Provided cores: 1 (use --cores to define parallelism)
Rules claiming more threads will be scaled down.
Job counts:
	count	jobs
	1	filter
	1	plot
	2

[Tue Nov 19 11:44:14 2019]
rule filter:
    input: ds1.csv
    output: ds1_filtered.csv
    jobid: 1
    wildcards: csvdata=ds1

egrep -v ^boring ds1.csv > ds1_filtered.csv
[Tue Nov 19 11:44:14 2019]
Finished job 1.
1 of 2 steps (50%) done

[Tue Nov 19 11:44:14 2019]
rule plot:
    input: ds1_filtered.csv
    output: ds1_filtered_plot.pdf
    jobid: 0
    wildcards: dataset=ds1_filtered

./myplotter.py -o ds1_filtered_plot.pdf ds1_filtered.csv
[Tue Nov 19 11:44:15 2019]
Finished job 0.
2 of 2 steps (100%) done
Complete log: /localdisk/home/s2005863/LectureExercises/class19/.snakemake/log/2019-11-19T114414.130014.snakemake.log
